2025-04-21T12:04:19.004+02:00  WARN 57580 --- [application] [HikariPool-1 housekeeper] com.zaxxer.hikari.pool.HikariPool        : HikariPool-1 - Thread starvation or clock leap detected (housekeeper delta=12h22m3s373ms240µs500ns).
2025-04-21T14:25:10.803+02:00 DEBUG 57580 --- [application] [http-nio-8080-exec-5] f.p.a.controller.HomeController          : Traitement de la requête GET pour la route /login.
2025-04-21T14:25:10.805+02:00  INFO 57580 --- [application] [http-nio-8080-exec-5] f.p.a.controller.HomeController          : Accès réussi à la page de connexion.
2025-04-21T14:25:12.509+02:00 DEBUG 57580 --- [application] [http-nio-8080-exec-7] f.p.a.controller.HomeController          : Traitement de la requête GET pour la route /login.
2025-04-21T14:25:12.509+02:00  INFO 57580 --- [application] [http-nio-8080-exec-7] f.p.a.controller.HomeController          : Accès réussi à la page de connexion.
2025-04-21T14:25:36.510+02:00 DEBUG 57580 --- [application] [http-nio-8080-exec-8] f.p.a.controller.RegisterController      : Exécution de la méthode showRegisterForm
2025-04-21T14:25:43.139+02:00 DEBUG 57580 --- [application] [http-nio-8080-exec-9] f.p.a.controller.RegisterController      : Exécution de registerUser avec les paramètres - nom d'utilisateur : stef, email : stef@stef.fr
2025-04-21T14:25:43.142+02:00  INFO 57580 --- [application] [http-nio-8080-exec-9] f.p.application.service.UserService      : Tentative d'enregistrement d'un nouvel utilisateur
2025-04-21T14:25:43.142+02:00 DEBUG 57580 --- [application] [http-nio-8080-exec-9] f.p.application.service.UserService      : Vérification si le nom d'utilisateur 'stef' est déjà pris
2025-04-21T14:25:43.360+02:00  INFO 57580 --- [application] [http-nio-8080-exec-9] f.p.application.service.UserService      : Utilisateur 'stef' enregistré avec succès
2025-04-21T14:25:43.360+02:00  INFO 57580 --- [application] [http-nio-8080-exec-9] f.p.a.controller.RegisterController      : Utilisateur enregistré avec succès - nom d'utilisateur : stef
2025-04-21T14:25:43.384+02:00 DEBUG 57580 --- [application] [http-nio-8080-exec-10] f.p.a.controller.HomeController          : Traitement de la requête GET pour la route /login.
2025-04-21T14:25:43.385+02:00  INFO 57580 --- [application] [http-nio-8080-exec-10] f.p.a.controller.HomeController          : Accès réussi à la page de connexion.
2025-04-21T14:25:49.514+02:00 DEBUG 57580 --- [application] [http-nio-8080-exec-1] f.p.a.service.CustomUserDetailsService   : Tentative de recherche de l'utilisateur avec le nom d'utilisateur : stef@stef.fr
2025-04-21T14:25:49.521+02:00  INFO 57580 --- [application] [http-nio-8080-exec-1] f.p.a.service.CustomUserDetailsService   : L'utilisateur avec le mail d'utilisateur 'stef@stef.fr' a été chargé avec succès.
2025-04-21T14:25:49.648+02:00 DEBUG 57580 --- [application] [http-nio-8080-exec-1] fr.paymybuddy.application.model.User     : Début de l'exécution de getAuthorities pour l'utilisateur avec l'identifiant : 3
2025-04-21T14:25:49.648+02:00  INFO 57580 --- [application] [http-nio-8080-exec-1] fr.paymybuddy.application.model.User     : Les autorisations ont été récupérées avec succès pour l'utilisateur avec l'identifiant : 3
2025-04-21T14:25:49.663+02:00 DEBUG 57580 --- [application] [http-nio-8080-exec-2] f.p.a.controller.TransfererController    : Récupération des transactions pour la vue Thymeleaf de l'utilisateur : stef
2025-04-21T14:25:49.663+02:00 DEBUG 57580 --- [application] [http-nio-8080-exec-2] f.p.a.service.TransactionService         : Début de la recherche des transactions pour l'identifiant de l'expéditeur : 3
2025-04-21T14:25:49.676+02:00  INFO 57580 --- [application] [http-nio-8080-exec-2] f.p.application.service.UserService      : Récupération des contacts pour l'utilisateur avec l'ID 3
2025-04-21T14:25:55.579+02:00 DEBUG 57580 --- [application] [http-nio-8080-exec-3] f.p.a.service.CustomUserDetailsService   : Tentative de recherche de l'utilisateur avec le nom d'utilisateur : toto@toto.fr
2025-04-21T14:25:55.586+02:00  INFO 57580 --- [application] [http-nio-8080-exec-3] f.p.a.service.CustomUserDetailsService   : L'utilisateur avec le mail d'utilisateur 'toto@toto.fr' a été chargé avec succès.
2025-04-21T14:25:55.718+02:00 DEBUG 57580 --- [application] [http-nio-8080-exec-3] fr.paymybuddy.application.model.User     : Début de l'exécution de getAuthorities pour l'utilisateur avec l'identifiant : 1
2025-04-21T14:25:55.718+02:00  INFO 57580 --- [application] [http-nio-8080-exec-3] fr.paymybuddy.application.model.User     : Les autorisations ont été récupérées avec succès pour l'utilisateur avec l'identifiant : 1
2025-04-21T14:25:55.727+02:00 DEBUG 57580 --- [application] [http-nio-8080-exec-4] f.p.a.controller.TransfererController    : Récupération des transactions pour la vue Thymeleaf de l'utilisateur : toto
2025-04-21T14:25:55.728+02:00 DEBUG 57580 --- [application] [http-nio-8080-exec-4] f.p.a.service.TransactionService         : Début de la recherche des transactions pour l'identifiant de l'expéditeur : 1
2025-04-21T14:25:55.728+02:00  INFO 57580 --- [application] [http-nio-8080-exec-4] f.p.application.service.UserService      : Récupération des contacts pour l'utilisateur avec l'ID 1
2025-04-21T14:26:09.253+02:00 DEBUG 57580 --- [application] [http-nio-8080-exec-5] f.p.a.controller.UserController          : Début de la méthode showAddContactPage pour l'utilisateur : stef
2025-04-21T14:26:09.254+02:00 DEBUG 57580 --- [application] [http-nio-8080-exec-5] f.p.a.controller.UserController          : Page d'ajout de contact chargée avec succès pour l'utilisateur : stef
2025-04-21T14:26:12.791+02:00 DEBUG 57580 --- [application] [http-nio-8080-exec-7] f.p.a.controller.UserController          : Début de la méthode contact pour l'utilisateur : stef
2025-04-21T14:26:12.807+02:00  INFO 57580 --- [application] [http-nio-8080-exec-7] f.p.a.controller.UserController          : Contact avec l'email 'toto@toto.fr' ajouté avec succès pour l'utilisateur : stef
2025-04-21T14:26:15.186+02:00 DEBUG 57580 --- [application] [http-nio-8080-exec-9] f.p.a.controller.TransfererController    : Récupération des transactions pour la vue Thymeleaf de l'utilisateur : stef
2025-04-21T14:26:15.188+02:00 DEBUG 57580 --- [application] [http-nio-8080-exec-9] f.p.a.service.TransactionService         : Début de la recherche des transactions pour l'identifiant de l'expéditeur : 3
2025-04-21T14:26:15.193+02:00  INFO 57580 --- [application] [http-nio-8080-exec-9] f.p.application.service.UserService      : Récupération des contacts pour l'utilisateur avec l'ID 3
2025-04-21T14:26:18.946+02:00 DEBUG 57580 --- [application] [http-nio-8080-exec-10] f.p.a.controller.UserController          : Début de la méthode showAddContactPage pour l'utilisateur : stef
2025-04-21T14:26:18.946+02:00 DEBUG 57580 --- [application] [http-nio-8080-exec-10] f.p.a.controller.UserController          : Page d'ajout de contact chargée avec succès pour l'utilisateur : stef
2025-04-21T14:26:20.141+02:00 DEBUG 57580 --- [application] [http-nio-8080-exec-1] f.p.a.controller.TransfererController    : Récupération des transactions pour la vue Thymeleaf de l'utilisateur : stef
2025-04-21T14:26:20.143+02:00 DEBUG 57580 --- [application] [http-nio-8080-exec-1] f.p.a.service.TransactionService         : Début de la recherche des transactions pour l'identifiant de l'expéditeur : 3
2025-04-21T14:26:20.148+02:00  INFO 57580 --- [application] [http-nio-8080-exec-1] f.p.application.service.UserService      : Récupération des contacts pour l'utilisateur avec l'ID 3
2025-04-21T14:26:29.888+02:00 DEBUG 57580 --- [application] [http-nio-8080-exec-2] f.p.a.controller.TransfererController    : Début du traitement de la transaction pour l'utilisateur : stef
2025-04-21T14:26:29.889+02:00 DEBUG 57580 --- [application] [http-nio-8080-exec-2] f.p.a.service.TransactionService         : Début de la création de la transaction pour l'expéditeur (senderId) : 3, destinataire (receiverId) : 1, montant : 50
2025-04-21T14:26:29.901+02:00  INFO 57580 --- [application] [http-nio-8080-exec-2] f.p.a.service.TransactionService         : Transaction créée avec succès : senderId = 3, receiverId = 1, montant = 50
2025-04-21T14:26:29.908+02:00  INFO 57580 --- [application] [http-nio-8080-exec-2] f.p.a.controller.TransfererController    : Transaction créée avec succès pour l'utilisateur : stef
2025-04-21T14:26:29.908+02:00 DEBUG 57580 --- [application] [http-nio-8080-exec-2] f.p.a.controller.TransfererController    : Récupération des transactions pour la vue Thymeleaf de l'utilisateur : stef
2025-04-21T14:26:29.908+02:00 DEBUG 57580 --- [application] [http-nio-8080-exec-2] f.p.a.service.TransactionService         : Début de la recherche des transactions pour l'identifiant de l'expéditeur : 3
2025-04-21T14:26:29.908+02:00  INFO 57580 --- [application] [http-nio-8080-exec-2] f.p.application.service.UserService      : Récupération des contacts pour l'utilisateur avec l'ID 3
2025-04-21T14:26:32.677+02:00 DEBUG 57580 --- [application] [http-nio-8080-exec-3] f.p.a.controller.TransfererController    : Récupération des transactions pour la vue Thymeleaf de l'utilisateur : toto
2025-04-21T14:26:32.677+02:00 DEBUG 57580 --- [application] [http-nio-8080-exec-3] f.p.a.service.TransactionService         : Début de la recherche des transactions pour l'identifiant de l'expéditeur : 1
2025-04-21T14:26:32.686+02:00  INFO 57580 --- [application] [http-nio-8080-exec-3] f.p.application.service.UserService      : Récupération des contacts pour l'utilisateur avec l'ID 1
2025-04-21T14:26:46.923+02:00 DEBUG 57580 --- [application] [http-nio-8080-exec-4] f.p.a.controller.UserController          : Début de la méthode getUserProfile pour l'utilisateur : stef
2025-04-21T14:26:46.923+02:00 DEBUG 57580 --- [application] [http-nio-8080-exec-4] f.p.a.controller.UserController          : Profil utilisateur chargé avec succès pour l'utilisateur : stef
2025-04-21T14:26:56.213+02:00 DEBUG 57580 --- [application] [http-nio-8080-exec-5] f.p.a.controller.UserController          : Début de la méthode updateUserProfile pour l'utilisateur : stef
2025-04-21T14:26:56.213+02:00  INFO 57580 --- [application] [http-nio-8080-exec-5] f.p.application.service.UserService      : Mise à jour de l'utilisateur avec l'ID 3
2025-04-21T14:26:56.361+02:00 DEBUG 57580 --- [application] [http-nio-8080-exec-5] f.p.application.service.UserService      : Détails de l'utilisateur mis à jour : fr.paymybuddy.application.model.User@3b5088b5
2025-04-21T14:26:56.361+02:00  INFO 57580 --- [application] [http-nio-8080-exec-5] f.p.a.controller.UserController          : Profil utilisateur mis à jour avec succès pour l'utilisateur : stephanie
2025-04-21T14:26:58.690+02:00 DEBUG 57580 --- [application] [http-nio-8080-exec-6] f.p.a.controller.TransfererController    : Récupération des transactions pour la vue Thymeleaf de l'utilisateur : stephanie
2025-04-21T14:26:58.692+02:00 DEBUG 57580 --- [application] [http-nio-8080-exec-6] f.p.a.service.TransactionService         : Début de la recherche des transactions pour l'identifiant de l'expéditeur : 3
2025-04-21T14:26:58.702+02:00  INFO 57580 --- [application] [http-nio-8080-exec-6] f.p.application.service.UserService      : Récupération des contacts pour l'utilisateur avec l'ID 3
2025-04-21T14:27:02.275+02:00 DEBUG 57580 --- [application] [http-nio-8080-exec-7] f.p.a.controller.TransfererController    : Récupération des transactions pour la vue Thymeleaf de l'utilisateur : toto
2025-04-21T14:27:02.276+02:00 DEBUG 57580 --- [application] [http-nio-8080-exec-7] f.p.a.service.TransactionService         : Début de la recherche des transactions pour l'identifiant de l'expéditeur : 1
2025-04-21T14:27:02.284+02:00  INFO 57580 --- [application] [http-nio-8080-exec-7] f.p.application.service.UserService      : Récupération des contacts pour l'utilisateur avec l'ID 1
2025-04-21T14:27:13.087+02:00 DEBUG 57580 --- [application] [http-nio-8080-exec-9] f.p.a.controller.TransfererController    : Récupération des transactions pour la vue Thymeleaf de l'utilisateur : stephanie
2025-04-21T14:27:13.096+02:00 DEBUG 57580 --- [application] [http-nio-8080-exec-9] f.p.a.service.TransactionService         : Début de la recherche des transactions pour l'identifiant de l'expéditeur : 3
2025-04-21T14:27:13.101+02:00  INFO 57580 --- [application] [http-nio-8080-exec-9] f.p.application.service.UserService      : Récupération des contacts pour l'utilisateur avec l'ID 3
2025-04-21T14:27:14.709+02:00 DEBUG 57580 --- [application] [http-nio-8080-exec-10] f.p.a.controller.UserController          : Début de la méthode getUserProfile pour l'utilisateur : stephanie
2025-04-21T14:27:14.709+02:00 DEBUG 57580 --- [application] [http-nio-8080-exec-10] f.p.a.controller.UserController          : Profil utilisateur chargé avec succès pour l'utilisateur : stephanie
2025-04-21T14:27:19.045+02:00 DEBUG 57580 --- [application] [http-nio-8080-exec-1] f.p.a.controller.UserController          : Début de la méthode getUserProfile pour l'utilisateur : stephanie
2025-04-21T14:27:19.046+02:00 DEBUG 57580 --- [application] [http-nio-8080-exec-1] f.p.a.controller.UserController          : Profil utilisateur chargé avec succès pour l'utilisateur : stephanie
2025-04-21T14:27:20.099+02:00 DEBUG 57580 --- [application] [http-nio-8080-exec-2] f.p.a.controller.UserController          : Début de la méthode showAddContactPage pour l'utilisateur : stephanie
2025-04-21T14:27:20.099+02:00 DEBUG 57580 --- [application] [http-nio-8080-exec-2] f.p.a.controller.UserController          : Page d'ajout de contact chargée avec succès pour l'utilisateur : stephanie
2025-04-21T14:27:22.432+02:00 DEBUG 57580 --- [application] [http-nio-8080-exec-3] f.p.a.controller.UserController          : Début de la méthode showAddContactPage pour l'utilisateur : stephanie
2025-04-21T14:27:22.432+02:00 DEBUG 57580 --- [application] [http-nio-8080-exec-3] f.p.a.controller.UserController          : Page d'ajout de contact chargée avec succès pour l'utilisateur : stephanie
2025-04-21T14:27:28.953+02:00 DEBUG 57580 --- [application] [http-nio-8080-exec-4] f.p.a.controller.TransfererController    : Récupération des transactions pour la vue Thymeleaf de l'utilisateur : stephanie
2025-04-21T14:27:28.955+02:00 DEBUG 57580 --- [application] [http-nio-8080-exec-4] f.p.a.service.TransactionService         : Début de la recherche des transactions pour l'identifiant de l'expéditeur : 3
2025-04-21T14:27:28.963+02:00  INFO 57580 --- [application] [http-nio-8080-exec-4] f.p.application.service.UserService      : Récupération des contacts pour l'utilisateur avec l'ID 3
2025-04-21T14:27:35.431+02:00 DEBUG 57580 --- [application] [http-nio-8080-exec-7] f.p.a.controller.HomeController          : Traitement de la requête GET pour la route /portail.
2025-04-21T14:27:35.431+02:00  INFO 57580 --- [application] [http-nio-8080-exec-7] f.p.a.controller.HomeController          : Accès réussi à la page du portail.
2025-04-21T14:27:45.435+02:00 DEBUG 57580 --- [application] [http-nio-8080-exec-9] f.p.a.controller.HomeController          : Traitement de la requête GET pour la route /portail.
2025-04-21T14:27:45.435+02:00  INFO 57580 --- [application] [http-nio-8080-exec-9] f.p.a.controller.HomeController          : Accès réussi à la page du portail.
2025-04-21T14:28:34.698+02:00  INFO 18752 --- [application] [main] f.p.a.service.TransactionServiceTest     : Starting TransactionServiceTest using Java 21.0.6 with PID 18752 (started by stef_ in C:\Projet\PayMyBuddy)
2025-04-21T14:28:34.699+02:00 DEBUG 18752 --- [application] [main] f.p.a.service.TransactionServiceTest     : Running with Spring Boot v3.3.8, Spring v6.1.16
2025-04-21T14:28:34.700+02:00  INFO 18752 --- [application] [main] f.p.a.service.TransactionServiceTest     : No active profile set, falling back to 1 default profile: "default"
2025-04-21T14:28:35.603+02:00  INFO 18752 --- [application] [main] .s.d.r.c.RepositoryConfigurationDelegate : Bootstrapping Spring Data JPA repositories in DEFAULT mode.
2025-04-21T14:28:35.652+02:00  INFO 18752 --- [application] [main] .s.d.r.c.RepositoryConfigurationDelegate : Finished Spring Data repository scanning in 43 ms. Found 2 JPA repository interfaces.
2025-04-21T14:28:37.762+02:00  INFO 18752 --- [application] [main] com.zaxxer.hikari.HikariDataSource       : HikariPool-1 - Starting...
2025-04-21T14:28:38.304+02:00  INFO 18752 --- [application] [main] com.zaxxer.hikari.pool.HikariPool        : HikariPool-1 - Added connection com.mysql.cj.jdbc.ConnectionImpl@66456506
2025-04-21T14:28:38.308+02:00  INFO 18752 --- [application] [main] com.zaxxer.hikari.HikariDataSource       : HikariPool-1 - Start completed.
2025-04-21T14:28:38.402+02:00  INFO 18752 --- [application] [main] o.hibernate.jpa.internal.util.LogHelper  : HHH000204: Processing PersistenceUnitInfo [name: default]
2025-04-21T14:28:38.528+02:00  INFO 18752 --- [application] [main] org.hibernate.Version                    : HHH000412: Hibernate ORM core version 6.5.3.Final
2025-04-21T14:28:38.602+02:00  INFO 18752 --- [application] [main] o.h.c.internal.RegionFactoryInitiator    : HHH000026: Second-level cache disabled
2025-04-21T14:28:38.788+02:00  INFO 18752 --- [application] [main] o.s.o.j.p.SpringPersistenceUnitInfo      : No LoadTimeWeaver setup: ignoring JPA class transformer
2025-04-21T14:28:38.899+02:00  WARN 18752 --- [application] [main] org.hibernate.orm.deprecation            : HHH90000025: MySQLDialect does not need to be specified explicitly using 'hibernate.dialect' (remove the property setting and it will be selected by default)
2025-04-21T14:28:39.767+02:00  INFO 18752 --- [application] [main] o.h.e.t.j.p.i.JtaPlatformInitiator       : HHH000489: No JTA platform available (set 'hibernate.transaction.jta.platform' to enable JTA platform integration)
2025-04-21T14:28:39.769+02:00  INFO 18752 --- [application] [main] j.LocalContainerEntityManagerFactoryBean : Initialized JPA EntityManagerFactory for persistence unit 'default'
2025-04-21T14:28:40.466+02:00  WARN 18752 --- [application] [main] JpaBaseConfiguration$JpaWebConfiguration : spring.jpa.open-in-view is enabled by default. Therefore, database queries may be performed during view rendering. Explicitly configure spring.jpa.open-in-view to disable this warning
2025-04-21T14:28:40.511+02:00 DEBUG 18752 --- [application] [main] f.p.a.c.SecurityConfiguration            : Création du bean BCryptPasswordEncoder pour le hachage des mots de passe.
2025-04-21T14:28:40.524+02:00  INFO 18752 --- [application] [main] r$InitializeUserDetailsManagerConfigurer : Global AuthenticationManager configured with UserDetailsService bean with name customUserDetailsService
2025-04-21T14:28:41.295+02:00  INFO 18752 --- [application] [main] o.s.b.a.e.web.EndpointLinksResolver      : Exposing 1 endpoint beneath base path '/actuator'
2025-04-21T14:28:41.363+02:00  INFO 18752 --- [application] [main] f.p.a.c.SecurityConfiguration            : Chaîne de filtres de sécurité configurée avec succès.
2025-04-21T14:28:41.953+02:00  INFO 18752 --- [application] [main] f.p.a.service.TransactionServiceTest     : Started TransactionServiceTest in 7.566 seconds (process running for 8.882)
2025-04-21T14:28:42.020+02:00 DEBUG 18752 --- [application] [main] f.p.a.service.TransactionService         : Début de la création de la transaction pour l'expéditeur (senderId) : 1, destinataire (receiverId) : 2, montant : 50
2025-04-21T14:28:42.084+02:00  INFO 18752 --- [application] [main] f.p.a.service.TransactionService         : Transaction créée avec succès : senderId = 1, receiverId = 2, montant = 50
2025-04-21T14:28:42.144+02:00 DEBUG 18752 --- [application] [main] f.p.a.service.TransactionService         : Début de la recherche des transactions pour l'identifiant de l'expéditeur (senderId) : 1
2025-04-21T14:28:42.145+02:00  INFO 18752 --- [application] [main] f.p.a.service.TransactionService         : Transactions récupérées avec succès pour l'identifiant de l'expéditeur (senderId) : 1
2025-04-21T14:28:42.154+02:00 DEBUG 18752 --- [application] [main] f.p.a.service.TransactionService         : Début de la recherche des transactions pour l'identifiant de l'expéditeur (senderId) : 1
2025-04-21T14:28:42.154+02:00  INFO 18752 --- [application] [main] f.p.a.service.TransactionService         : Transactions récupérées avec succès pour l'identifiant de l'expéditeur (senderId) : 1
2025-04-21T14:28:42.163+02:00 DEBUG 18752 --- [application] [main] f.p.a.service.TransactionService         : Début de la recherche des transactions pour l'identifiant de l'expéditeur : 1
2025-04-21T14:28:42.174+02:00  INFO 18752 --- [application] [main] t.c.s.AnnotationConfigContextLoaderUtils : Could not detect default configuration classes for test class [fr.paymybuddy.application.controller.RegisterControllerTest]: RegisterControllerTest does not declare any static, non-private, non-final, nested classes annotated with @Configuration.
2025-04-21T14:28:42.187+02:00  INFO 18752 --- [application] [main] .b.t.c.SpringBootTestContextBootstrapper : Found @SpringBootConfiguration fr.paymybuddy.application.Application for test class fr.paymybuddy.application.controller.RegisterControllerTest
2025-04-21T14:28:42.219+02:00  INFO 18752 --- [application] [main] f.p.a.controller.RegisterControllerTest  : Starting RegisterControllerTest using Java 21.0.6 with PID 18752 (started by stef_ in C:\Projet\PayMyBuddy)
2025-04-21T14:28:42.220+02:00 DEBUG 18752 --- [application] [main] f.p.a.controller.RegisterControllerTest  : Running with Spring Boot v3.3.8, Spring v6.1.16
2025-04-21T14:28:42.220+02:00  INFO 18752 --- [application] [main] f.p.a.controller.RegisterControllerTest  : No active profile set, falling back to 1 default profile: "default"
2025-04-21T14:28:42.520+02:00  INFO 18752 --- [application] [main] .s.d.r.c.RepositoryConfigurationDelegate : Bootstrapping Spring Data JPA repositories in DEFAULT mode.
2025-04-21T14:28:42.533+02:00  INFO 18752 --- [application] [main] .s.d.r.c.RepositoryConfigurationDelegate : Finished Spring Data repository scanning in 12 ms. Found 2 JPA repository interfaces.
2025-04-21T14:28:42.739+02:00  INFO 18752 --- [application] [main] com.zaxxer.hikari.HikariDataSource       : HikariPool-2 - Starting...
2025-04-21T14:28:42.755+02:00  INFO 18752 --- [application] [main] com.zaxxer.hikari.pool.HikariPool        : HikariPool-2 - Added connection com.mysql.cj.jdbc.ConnectionImpl@397fd951
2025-04-21T14:28:42.756+02:00  INFO 18752 --- [application] [main] com.zaxxer.hikari.HikariDataSource       : HikariPool-2 - Start completed.
2025-04-21T14:28:42.758+02:00  INFO 18752 --- [application] [main] o.hibernate.jpa.internal.util.LogHelper  : HHH000204: Processing PersistenceUnitInfo [name: default]
2025-04-21T14:28:42.760+02:00  INFO 18752 --- [application] [main] o.h.c.internal.RegionFactoryInitiator    : HHH000026: Second-level cache disabled
2025-04-21T14:28:42.770+02:00  INFO 18752 --- [application] [main] o.s.o.j.p.SpringPersistenceUnitInfo      : No LoadTimeWeaver setup: ignoring JPA class transformer
2025-04-21T14:28:42.774+02:00  WARN 18752 --- [application] [main] org.hibernate.orm.deprecation            : HHH90000025: MySQLDialect does not need to be specified explicitly using 'hibernate.dialect' (remove the property setting and it will be selected by default)
2025-04-21T14:28:42.842+02:00  INFO 18752 --- [application] [main] o.h.e.t.j.p.i.JtaPlatformInitiator       : HHH000489: No JTA platform available (set 'hibernate.transaction.jta.platform' to enable JTA platform integration)
2025-04-21T14:28:42.842+02:00  INFO 18752 --- [application] [main] j.LocalContainerEntityManagerFactoryBean : Initialized JPA EntityManagerFactory for persistence unit 'default'
2025-04-21T14:28:42.988+02:00  WARN 18752 --- [application] [main] JpaBaseConfiguration$JpaWebConfiguration : spring.jpa.open-in-view is enabled by default. Therefore, database queries may be performed during view rendering. Explicitly configure spring.jpa.open-in-view to disable this warning
2025-04-21T14:28:43.005+02:00 DEBUG 18752 --- [application] [main] f.p.a.c.SecurityConfiguration            : Création du bean BCryptPasswordEncoder pour le hachage des mots de passe.
2025-04-21T14:28:43.008+02:00  INFO 18752 --- [application] [main] r$InitializeUserDetailsManagerConfigurer : Global AuthenticationManager configured with UserDetailsService bean with name customUserDetailsService
2025-04-21T14:28:43.200+02:00  INFO 18752 --- [application] [main] o.s.b.a.e.web.EndpointLinksResolver      : Exposing 1 endpoint beneath base path '/actuator'
2025-04-21T14:28:43.224+02:00  INFO 18752 --- [application] [main] f.p.a.c.SecurityConfiguration            : Chaîne de filtres de sécurité configurée avec succès.
2025-04-21T14:28:43.449+02:00  INFO 18752 --- [application] [main] f.p.a.controller.RegisterControllerTest  : Started RegisterControllerTest in 1.257 seconds (process running for 10.378)
2025-04-21T14:28:43.460+02:00 DEBUG 18752 --- [application] [main] f.p.a.controller.RegisterController      : Exécution de registerUser avec les paramètres - nom d'utilisateur : testUser, email : test@example.com
2025-04-21T14:28:43.460+02:00  INFO 18752 --- [application] [main] f.p.a.controller.RegisterController      : Utilisateur enregistré avec succès - nom d'utilisateur : testUser
2025-04-21T14:28:43.473+02:00 DEBUG 18752 --- [application] [main] f.p.a.controller.RegisterController      : Exécution de registerUser avec les paramètres - nom d'utilisateur : testUser, email : invalid-email
2025-04-21T14:28:43.474+02:00 ERROR 18752 --- [application] [main] f.p.a.controller.RegisterController      : Une erreur s'est produite lors de l'enregistrement de l'utilisateur - message : Invalid email format
2025-04-21T14:28:43.479+02:00 DEBUG 18752 --- [application] [main] f.p.a.controller.RegisterController      : Exécution de la méthode showRegisterForm
2025-04-21T14:28:43.485+02:00  INFO 18752 --- [application] [main] t.c.s.AnnotationConfigContextLoaderUtils : Could not detect default configuration classes for test class [fr.paymybuddy.application.service.CustomUserDetailsServiceTest]: CustomUserDetailsServiceTest does not declare any static, non-private, non-final, nested classes annotated with @Configuration.
2025-04-21T14:28:43.487+02:00  INFO 18752 --- [application] [main] .b.t.c.SpringBootTestContextBootstrapper : Found @SpringBootConfiguration fr.paymybuddy.application.Application for test class fr.paymybuddy.application.service.CustomUserDetailsServiceTest
2025-04-21T14:28:43.507+02:00  INFO 18752 --- [application] [main] f.p.a.s.CustomUserDetailsServiceTest     : Starting CustomUserDetailsServiceTest using Java 21.0.6 with PID 18752 (started by stef_ in C:\Projet\PayMyBuddy)
2025-04-21T14:28:43.507+02:00 DEBUG 18752 --- [application] [main] f.p.a.s.CustomUserDetailsServiceTest     : Running with Spring Boot v3.3.8, Spring v6.1.16
2025-04-21T14:28:43.507+02:00  INFO 18752 --- [application] [main] f.p.a.s.CustomUserDetailsServiceTest     : No active profile set, falling back to 1 default profile: "default"
2025-04-21T14:28:43.736+02:00  INFO 18752 --- [application] [main] .s.d.r.c.RepositoryConfigurationDelegate : Bootstrapping Spring Data JPA repositories in DEFAULT mode.
2025-04-21T14:28:43.748+02:00  INFO 18752 --- [application] [main] .s.d.r.c.RepositoryConfigurationDelegate : Finished Spring Data repository scanning in 12 ms. Found 2 JPA repository interfaces.
2025-04-21T14:28:43.920+02:00  INFO 18752 --- [application] [main] com.zaxxer.hikari.HikariDataSource       : HikariPool-3 - Starting...
2025-04-21T14:28:43.935+02:00  INFO 18752 --- [application] [main] com.zaxxer.hikari.pool.HikariPool        : HikariPool-3 - Added connection com.mysql.cj.jdbc.ConnectionImpl@656d078b
2025-04-21T14:28:43.936+02:00  INFO 18752 --- [application] [main] com.zaxxer.hikari.HikariDataSource       : HikariPool-3 - Start completed.
2025-04-21T14:28:43.937+02:00  INFO 18752 --- [application] [main] o.hibernate.jpa.internal.util.LogHelper  : HHH000204: Processing PersistenceUnitInfo [name: default]
2025-04-21T14:28:43.941+02:00  INFO 18752 --- [application] [main] o.h.c.internal.RegionFactoryInitiator    : HHH000026: Second-level cache disabled
2025-04-21T14:28:43.949+02:00  INFO 18752 --- [application] [main] o.s.o.j.p.SpringPersistenceUnitInfo      : No LoadTimeWeaver setup: ignoring JPA class transformer
2025-04-21T14:28:43.952+02:00  WARN 18752 --- [application] [main] org.hibernate.orm.deprecation            : HHH90000025: MySQLDialect does not need to be specified explicitly using 'hibernate.dialect' (remove the property setting and it will be selected by default)
2025-04-21T14:28:44.015+02:00  INFO 18752 --- [application] [main] o.h.e.t.j.p.i.JtaPlatformInitiator       : HHH000489: No JTA platform available (set 'hibernate.transaction.jta.platform' to enable JTA platform integration)
2025-04-21T14:28:44.015+02:00  INFO 18752 --- [application] [main] j.LocalContainerEntityManagerFactoryBean : Initialized JPA EntityManagerFactory for persistence unit 'default'
2025-04-21T14:28:44.022+02:00 DEBUG 18752 --- [application] [main] f.p.a.c.SecurityConfiguration            : Création du bean BCryptPasswordEncoder pour le hachage des mots de passe.
2025-04-21T14:28:44.098+02:00  WARN 18752 --- [application] [main] JpaBaseConfiguration$JpaWebConfiguration : spring.jpa.open-in-view is enabled by default. Therefore, database queries may be performed during view rendering. Explicitly configure spring.jpa.open-in-view to disable this warning
2025-04-21T14:28:44.113+02:00  INFO 18752 --- [application] [main] r$InitializeUserDetailsManagerConfigurer : Global AuthenticationManager configured with UserDetailsService bean with name customUserDetailsService
2025-04-21T14:28:44.276+02:00  INFO 18752 --- [application] [main] o.s.b.a.e.web.EndpointLinksResolver      : Exposing 1 endpoint beneath base path '/actuator'
2025-04-21T14:28:44.287+02:00  INFO 18752 --- [application] [main] f.p.a.c.SecurityConfiguration            : Chaîne de filtres de sécurité configurée avec succès.
2025-04-21T14:28:44.522+02:00  INFO 18752 --- [application] [main] f.p.a.s.CustomUserDetailsServiceTest     : Started CustomUserDetailsServiceTest in 1.031 seconds (process running for 11.451)
2025-04-21T14:28:44.529+02:00 DEBUG 18752 --- [application] [main] f.p.a.service.CustomUserDetailsService   : Tentative de recherche de l'utilisateur avec le nom d'utilisateur : unknownuser
2025-04-21T14:28:44.531+02:00 ERROR 18752 --- [application] [main] f.p.a.service.CustomUserDetailsService   : L'utilisateur avec le mail 'unknownuser' est introuvable.
2025-04-21T14:28:44.537+02:00 DEBUG 18752 --- [application] [main] f.p.a.service.CustomUserDetailsService   : Tentative de recherche de l'utilisateur avec le nom d'utilisateur : testuser
2025-04-21T14:28:44.538+02:00  INFO 18752 --- [application] [main] f.p.a.service.CustomUserDetailsService   : L'utilisateur avec le mail d'utilisateur 'testuser' a été chargé avec succès.
2025-04-21T14:28:44.545+02:00  INFO 18752 --- [application] [main] t.c.s.AnnotationConfigContextLoaderUtils : Could not detect default configuration classes for test class [fr.paymybuddy.application.controller.UserControllerTest]: UserControllerTest does not declare any static, non-private, non-final, nested classes annotated with @Configuration.
2025-04-21T14:28:44.546+02:00  INFO 18752 --- [application] [main] .b.t.c.SpringBootTestContextBootstrapper : Found @SpringBootConfiguration fr.paymybuddy.application.Application for test class fr.paymybuddy.application.controller.UserControllerTest
2025-04-21T14:28:44.588+02:00  INFO 18752 --- [application] [main] o.s.mock.web.MockServletContext          : Initializing Spring TestDispatcherServlet ''
2025-04-21T14:28:44.589+02:00  INFO 18752 --- [application] [main] o.s.t.web.servlet.TestDispatcherServlet  : Initializing Servlet ''
2025-04-21T14:28:44.589+02:00  INFO 18752 --- [application] [main] o.s.t.web.servlet.TestDispatcherServlet  : Completed initialization in 0 ms
2025-04-21T14:28:44.591+02:00 DEBUG 18752 --- [application] [main] f.p.a.controller.UserController          : Début de la méthode updateUserProfile pour l'utilisateur : testUser
2025-04-21T14:28:44.592+02:00  INFO 18752 --- [application] [main] fr.paymybuddy.application.dto.UserDTO    : La classe UserDTO a été chargée avec succès.
2025-04-21T14:28:44.592+02:00  INFO 18752 --- [application] [main] f.p.a.controller.UserController          : Profil utilisateur mis à jour avec succès pour l'utilisateur : updatedUser
2025-04-21T14:28:44.605+02:00  INFO 18752 --- [application] [main] o.s.mock.web.MockServletContext          : Initializing Spring TestDispatcherServlet ''
2025-04-21T14:28:44.605+02:00  INFO 18752 --- [application] [main] o.s.t.web.servlet.TestDispatcherServlet  : Initializing Servlet ''
2025-04-21T14:28:44.606+02:00  INFO 18752 --- [application] [main] o.s.t.web.servlet.TestDispatcherServlet  : Completed initialization in 0 ms
2025-04-21T14:28:44.674+02:00 DEBUG 18752 --- [application] [main] f.p.a.controller.UserController          : Début de la méthode updateUserProfile pour l'utilisateur : newUsername
2025-04-21T14:28:44.675+02:00 ERROR 18752 --- [application] [main] f.p.a.controller.UserController          : Une erreur s'est produite lors de la mise à jour du profil pour l'utilisateur : newUsername

java.lang.RuntimeException: Erreur
	at fr.paymybuddy.application.service.UserService.majUser(UserService.java:102) ~[classes/:na]
	at fr.paymybuddy.application.controller.UserController.updateUserProfile(UserController.java:65) ~[classes/:na]
	at java.base/jdk.internal.reflect.DirectMethodHandleAccessor.invoke(DirectMethodHandleAccessor.java:103) ~[na:na]
	at java.base/java.lang.reflect.Method.invoke(Method.java:580) ~[na:na]
	at org.springframework.web.method.support.InvocableHandlerMethod.doInvoke(InvocableHandlerMethod.java:255) ~[spring-web-6.1.16.jar:6.1.16]
	at org.springframework.web.method.support.InvocableHandlerMethod.invokeForRequest(InvocableHandlerMethod.java:188) ~[spring-web-6.1.16.jar:6.1.16]
	at org.springframework.web.servlet.mvc.method.annotation.ServletInvocableHandlerMethod.invokeAndHandle(ServletInvocableHandlerMethod.java:118) ~[spring-webmvc-6.1.16.jar:6.1.16]
	at org.springframework.web.servlet.mvc.method.annotation.RequestMappingHandlerAdapter.invokeHandlerMethod(RequestMappingHandlerAdapter.java:926) ~[spring-webmvc-6.1.16.jar:6.1.16]
	at org.springframework.web.servlet.mvc.method.annotation.RequestMappingHandlerAdapter.handleInternal(RequestMappingHandlerAdapter.java:831) ~[spring-webmvc-6.1.16.jar:6.1.16]
	at org.springframework.web.servlet.mvc.method.AbstractHandlerMethodAdapter.handle(AbstractHandlerMethodAdapter.java:87) ~[spring-webmvc-6.1.16.jar:6.1.16]
	at org.springframework.web.servlet.DispatcherServlet.doDispatch(DispatcherServlet.java:1089) ~[spring-webmvc-6.1.16.jar:6.1.16]
	at org.springframework.web.servlet.DispatcherServlet.doService(DispatcherServlet.java:979) ~[spring-webmvc-6.1.16.jar:6.1.16]
	at org.springframework.web.servlet.FrameworkServlet.processRequest(FrameworkServlet.java:1014) ~[spring-webmvc-6.1.16.jar:6.1.16]
	at org.springframework.web.servlet.FrameworkServlet.doPost(FrameworkServlet.java:914) ~[spring-webmvc-6.1.16.jar:6.1.16]
	at jakarta.servlet.http.HttpServlet.service(HttpServlet.java:590) ~[tomcat-embed-core-10.1.34.jar:6.0]
	at org.springframework.web.servlet.FrameworkServlet.service(FrameworkServlet.java:885) ~[spring-webmvc-6.1.16.jar:6.1.16]
	at org.springframework.test.web.servlet.TestDispatcherServlet.service(TestDispatcherServlet.java:72) ~[spring-test-6.1.16.jar:6.1.16]
	at jakarta.servlet.http.HttpServlet.service(HttpServlet.java:658) ~[tomcat-embed-core-10.1.34.jar:6.0]
	at org.springframework.mock.web.MockFilterChain$ServletFilterProxy.doFilter(MockFilterChain.java:165) ~[spring-test-6.1.16.jar:6.1.16]
	at org.springframework.mock.web.MockFilterChain.doFilter(MockFilterChain.java:132) ~[spring-test-6.1.16.jar:6.1.16]
	at org.springframework.test.web.servlet.MockMvc.perform(MockMvc.java:201) ~[spring-test-6.1.16.jar:6.1.16]
	at fr.paymybuddy.application.controller.UserControllerTest.testUpdateUserProfileFailure(UserControllerTest.java:131) ~[test-classes/:na]
	at java.base/jdk.internal.reflect.DirectMethodHandleAccessor.invoke(DirectMethodHandleAccessor.java:103) ~[na:na]
	at java.base/java.lang.reflect.Method.invoke(Method.java:580) ~[na:na]
	at org.junit.platform.commons.util.ReflectionUtils.invokeMethod(ReflectionUtils.java:728) ~[junit-platform-commons-1.10.5.jar:1.10.5]
	at org.junit.jupiter.engine.execution.MethodInvocation.proceed(MethodInvocation.java:60) ~[junit-jupiter-engine-5.10.5.jar:5.10.5]
	at org.junit.jupiter.engine.execution.InvocationInterceptorChain$ValidatingInvocation.proceed(InvocationInterceptorChain.java:131) ~[junit-jupiter-engine-5.10.5.jar:5.10.5]
	at org.junit.jupiter.engine.extension.TimeoutExtension.intercept(TimeoutExtension.java:156) ~[junit-jupiter-engine-5.10.5.jar:5.10.5]
	at org.junit.jupiter.engine.extension.TimeoutExtension.interceptTestableMethod(TimeoutExtension.java:147) ~[junit-jupiter-engine-5.10.5.jar:5.10.5]
	at org.junit.jupiter.engine.extension.TimeoutExtension.interceptTestMethod(TimeoutExtension.java:86) ~[junit-jupiter-engine-5.10.5.jar:5.10.5]
	at org.junit.jupiter.engine.execution.InterceptingExecutableInvoker$ReflectiveInterceptorCall.lambda$ofVoidMethod$0(InterceptingExecutableInvoker.java:103) ~[junit-jupiter-engine-5.10.5.jar:5.10.5]
	at org.junit.jupiter.engine.execution.InterceptingExecutableInvoker.lambda$invoke$0(InterceptingExecutableInvoker.java:93) ~[junit-jupiter-engine-5.10.5.jar:5.10.5]
	at org.junit.jupiter.engine.execution.InvocationInterceptorChain$InterceptedInvocation.proceed(InvocationInterceptorChain.java:106) ~[junit-jupiter-engine-5.10.5.jar:5.10.5]
	at org.junit.jupiter.engine.execution.InvocationInterceptorChain.proceed(InvocationInterceptorChain.java:64) ~[junit-jupiter-engine-5.10.5.jar:5.10.5]
	at org.junit.jupiter.engine.execution.InvocationInterceptorChain.chainAndInvoke(InvocationInterceptorChain.java:45) ~[junit-jupiter-engine-5.10.5.jar:5.10.5]
	at org.junit.jupiter.engine.execution.InvocationInterceptorChain.invoke(InvocationInterceptorChain.java:37) ~[junit-jupiter-engine-5.10.5.jar:5.10.5]
	at org.junit.jupiter.engine.execution.InterceptingExecutableInvoker.invoke(InterceptingExecutableInvoker.java:92) ~[junit-jupiter-engine-5.10.5.jar:5.10.5]
	at org.junit.jupiter.engine.execution.InterceptingExecutableInvoker.invoke(InterceptingExecutableInvoker.java:86) ~[junit-jupiter-engine-5.10.5.jar:5.10.5]
	at org.junit.jupiter.engine.descriptor.TestMethodTestDescriptor.lambda$invokeTestMethod$7(TestMethodTestDescriptor.java:218) ~[junit-jupiter-engine-5.10.5.jar:5.10.5]
	at org.junit.platform.engine.support.hierarchical.ThrowableCollector.execute(ThrowableCollector.java:73) ~[junit-platform-engine-1.10.5.jar:1.10.5]
	at org.junit.jupiter.engine.descriptor.TestMethodTestDescriptor.invokeTestMethod(TestMethodTestDescriptor.java:214) ~[junit-jupiter-engine-5.10.5.jar:5.10.5]
	at org.junit.jupiter.engine.descriptor.TestMethodTestDescriptor.execute(TestMethodTestDescriptor.java:139) ~[junit-jupiter-engine-5.10.5.jar:5.10.5]
	at org.junit.jupiter.engine.descriptor.TestMethodTestDescriptor.execute(TestMethodTestDescriptor.java:69) ~[junit-jupiter-engine-5.10.5.jar:5.10.5]
	at org.junit.platform.engine.support.hierarchical.NodeTestTask.lambda$executeRecursively$6(NodeTestTask.java:156) ~[junit-platform-engine-1.10.5.jar:1.10.5]
	at org.junit.platform.engine.support.hierarchical.ThrowableCollector.execute(ThrowableCollector.java:73) ~[junit-platform-engine-1.10.5.jar:1.10.5]
	at org.junit.platform.engine.support.hierarchical.NodeTestTask.lambda$executeRecursively$8(NodeTestTask.java:146) ~[junit-platform-engine-1.10.5.jar:1.10.5]
	at org.junit.platform.engine.support.hierarchical.Node.around(Node.java:137) ~[junit-platform-engine-1.10.5.jar:1.10.5]
	at org.junit.platform.engine.support.hierarchical.NodeTestTask.lambda$executeRecursively$9(NodeTestTask.java:144) ~[junit-platform-engine-1.10.5.jar:1.10.5]
	at org.junit.platform.engine.support.hierarchical.ThrowableCollector.execute(ThrowableCollector.java:73) ~[junit-platform-engine-1.10.5.jar:1.10.5]
	at org.junit.platform.engine.support.hierarchical.NodeTestTask.executeRecursively(NodeTestTask.java:143) ~[junit-platform-engine-1.10.5.jar:1.10.5]
	at org.junit.platform.engine.support.hierarchical.NodeTestTask.execute(NodeTestTask.java:100) ~[junit-platform-engine-1.10.5.jar:1.10.5]
	at java.base/java.util.ArrayList.forEach(ArrayList.java:1596) ~[na:na]
	at org.junit.platform.engine.support.hierarchical.SameThreadHierarchicalTestExecutorService.invokeAll(SameThreadHierarchicalTestExecutorService.java:41) ~[junit-platform-engine-1.10.5.jar:1.10.5]
	at org.junit.platform.engine.support.hierarchical.NodeTestTask.lambda$executeRecursively$6(NodeTestTask.java:160) ~[junit-platform-engine-1.10.5.jar:1.10.5]
	at org.junit.platform.engine.support.hierarchical.ThrowableCollector.execute(ThrowableCollector.java:73) ~[junit-platform-engine-1.10.5.jar:1.10.5]
	at org.junit.platform.engine.support.hierarchical.NodeTestTask.lambda$executeRecursively$8(NodeTestTask.java:146) ~[junit-platform-engine-1.10.5.jar:1.10.5]
	at org.junit.platform.engine.support.hierarchical.Node.around(Node.java:137) ~[junit-platform-engine-1.10.5.jar:1.10.5]
	at org.junit.platform.engine.support.hierarchical.NodeTestTask.lambda$executeRecursively$9(NodeTestTask.java:144) ~[junit-platform-engine-1.10.5.jar:1.10.5]
	at org.junit.platform.engine.support.hierarchical.ThrowableCollector.execute(ThrowableCollector.java:73) ~[junit-platform-engine-1.10.5.jar:1.10.5]
	at org.junit.platform.engine.support.hierarchical.NodeTestTask.executeRecursively(NodeTestTask.java:143) ~[junit-platform-engine-1.10.5.jar:1.10.5]
	at org.junit.platform.engine.support.hierarchical.NodeTestTask.execute(NodeTestTask.java:100) ~[junit-platform-engine-1.10.5.jar:1.10.5]
	at java.base/java.util.ArrayList.forEach(ArrayList.java:1596) ~[na:na]
	at org.junit.platform.engine.support.hierarchical.SameThreadHierarchicalTestExecutorService.invokeAll(SameThreadHierarchicalTestExecutorService.java:41) ~[junit-platform-engine-1.10.5.jar:1.10.5]
	at org.junit.platform.engine.support.hierarchical.NodeTestTask.lambda$executeRecursively$6(NodeTestTask.java:160) ~[junit-platform-engine-1.10.5.jar:1.10.5]
	at org.junit.platform.engine.support.hierarchical.ThrowableCollector.execute(ThrowableCollector.java:73) ~[junit-platform-engine-1.10.5.jar:1.10.5]
	at org.junit.platform.engine.support.hierarchical.NodeTestTask.lambda$executeRecursively$8(NodeTestTask.java:146) ~[junit-platform-engine-1.10.5.jar:1.10.5]
	at org.junit.platform.engine.support.hierarchical.Node.around(Node.java:137) ~[junit-platform-engine-1.10.5.jar:1.10.5]
	at org.junit.platform.engine.support.hierarchical.NodeTestTask.lambda$executeRecursively$9(NodeTestTask.java:144) ~[junit-platform-engine-1.10.5.jar:1.10.5]
	at org.junit.platform.engine.support.hierarchical.ThrowableCollector.execute(ThrowableCollector.java:73) ~[junit-platform-engine-1.10.5.jar:1.10.5]
	at org.junit.platform.engine.support.hierarchical.NodeTestTask.executeRecursively(NodeTestTask.java:143) ~[junit-platform-engine-1.10.5.jar:1.10.5]
	at org.junit.platform.engine.support.hierarchical.NodeTestTask.execute(NodeTestTask.java:100) ~[junit-platform-engine-1.10.5.jar:1.10.5]
	at org.junit.platform.engine.support.hierarchical.SameThreadHierarchicalTestExecutorService.submit(SameThreadHierarchicalTestExecutorService.java:35) ~[junit-platform-engine-1.10.5.jar:1.10.5]
	at org.junit.platform.engine.support.hierarchical.HierarchicalTestExecutor.execute(HierarchicalTestExecutor.java:57) ~[junit-platform-engine-1.10.5.jar:1.10.5]
	at org.junit.platform.engine.support.hierarchical.HierarchicalTestEngine.execute(HierarchicalTestEngine.java:54) ~[junit-platform-engine-1.10.5.jar:1.10.5]
	at org.junit.platform.launcher.core.EngineExecutionOrchestrator.execute(EngineExecutionOrchestrator.java:198) ~[junit-platform-launcher-1.10.5.jar:1.10.5]
	at org.junit.platform.launcher.core.EngineExecutionOrchestrator.execute(EngineExecutionOrchestrator.java:169) ~[junit-platform-launcher-1.10.5.jar:1.10.5]
	at org.junit.platform.launcher.core.EngineExecutionOrchestrator.execute(EngineExecutionOrchestrator.java:93) ~[junit-platform-launcher-1.10.5.jar:1.10.5]
	at org.junit.platform.launcher.core.EngineExecutionOrchestrator.lambda$execute$0(EngineExecutionOrchestrator.java:58) ~[junit-platform-launcher-1.10.5.jar:1.10.5]
	at org.junit.platform.launcher.core.EngineExecutionOrchestrator.withInterceptedStreams(EngineExecutionOrchestrator.java:141) ~[junit-platform-launcher-1.10.5.jar:1.10.5]
	at org.junit.platform.launcher.core.EngineExecutionOrchestrator.execute(EngineExecutionOrchestrator.java:57) ~[junit-platform-launcher-1.10.5.jar:1.10.5]
	at org.junit.platform.launcher.core.DefaultLauncher.execute(DefaultLauncher.java:103) ~[junit-platform-launcher-1.10.5.jar:1.10.5]
	at org.junit.platform.launcher.core.DefaultLauncher.execute(DefaultLauncher.java:85) ~[junit-platform-launcher-1.10.5.jar:1.10.5]
	at org.junit.platform.launcher.core.DelegatingLauncher.execute(DelegatingLauncher.java:47) ~[junit-platform-launcher-1.10.5.jar:1.10.5]
	at org.junit.platform.launcher.core.SessionPerRequestLauncher.execute(SessionPerRequestLauncher.java:63) ~[junit-platform-launcher-1.10.5.jar:1.10.5]
	at com.intellij.junit5.JUnit5IdeaTestRunner.startRunnerWithArgs(JUnit5IdeaTestRunner.java:57) ~[junit5-rt.jar:na]
	at com.intellij.rt.junit.IdeaTestRunner$Repeater$1.execute(IdeaTestRunner.java:38) ~[junit-rt.jar:na]
	at com.intellij.rt.execution.junit.TestsRepeater.repeat(TestsRepeater.java:11) ~[idea_rt.jar:na]
	at com.intellij.rt.junit.IdeaTestRunner$Repeater.startRunnerWithArgs(IdeaTestRunner.java:35) ~[junit-rt.jar:na]
	at com.intellij.rt.junit.JUnitStarter.prepareStreamsAndStart(JUnitStarter.java:231) ~[junit-rt.jar:na]
	at com.intellij.rt.junit.JUnitStarter.main(JUnitStarter.java:55) ~[junit-rt.jar:na]

2025-04-21T14:28:44.710+02:00  INFO 18752 --- [application] [main] o.s.mock.web.MockServletContext          : Initializing Spring TestDispatcherServlet ''
2025-04-21T14:28:44.711+02:00  INFO 18752 --- [application] [main] o.s.t.web.servlet.TestDispatcherServlet  : Initializing Servlet ''
2025-04-21T14:28:44.711+02:00  INFO 18752 --- [application] [main] o.s.t.web.servlet.TestDispatcherServlet  : Completed initialization in 0 ms
2025-04-21T14:28:44.715+02:00 DEBUG 18752 --- [application] [main] f.p.a.controller.UserController          : Début de la méthode showAddContactPage pour l'utilisateur : null
2025-04-21T14:28:44.716+02:00 DEBUG 18752 --- [application] [main] f.p.a.controller.UserController          : Page d'ajout de contact chargée avec succès pour l'utilisateur : null
2025-04-21T14:28:44.731+02:00  INFO 18752 --- [application] [main] o.s.mock.web.MockServletContext          : Initializing Spring TestDispatcherServlet ''
2025-04-21T14:28:44.731+02:00  INFO 18752 --- [application] [main] o.s.t.web.servlet.TestDispatcherServlet  : Initializing Servlet ''
2025-04-21T14:28:44.732+02:00  INFO 18752 --- [application] [main] o.s.t.web.servlet.TestDispatcherServlet  : Completed initialization in 1 ms
2025-04-21T14:28:44.734+02:00 DEBUG 18752 --- [application] [main] f.p.a.controller.UserController          : Début de la méthode getUserProfile pour l'utilisateur : null
2025-04-21T14:28:44.735+02:00 DEBUG 18752 --- [application] [main] f.p.a.controller.UserController          : Profil utilisateur chargé avec succès pour l'utilisateur : null
2025-04-21T14:28:44.749+02:00  INFO 18752 --- [application] [main] o.s.mock.web.MockServletContext          : Initializing Spring TestDispatcherServlet ''
2025-04-21T14:28:44.749+02:00  INFO 18752 --- [application] [main] o.s.t.web.servlet.TestDispatcherServlet  : Initializing Servlet ''
2025-04-21T14:28:44.749+02:00  INFO 18752 --- [application] [main] o.s.t.web.servlet.TestDispatcherServlet  : Completed initialization in 0 ms
2025-04-21T14:28:44.750+02:00 DEBUG 18752 --- [application] [main] f.p.a.controller.UserController          : Début de la méthode contact pour l'utilisateur : testUser
2025-04-21T14:28:44.751+02:00  INFO 18752 --- [application] [main] f.p.a.controller.UserController          : Contact avec l'email 'updated@example.com' ajouté avec succès pour l'utilisateur : testUser
2025-04-21T14:28:44.757+02:00  INFO 18752 --- [application] [main] t.c.s.AnnotationConfigContextLoaderUtils : Could not detect default configuration classes for test class [fr.paymybuddy.application.integration.TransactionServiceTest]: TransactionServiceTest does not declare any static, non-private, non-final, nested classes annotated with @Configuration.
2025-04-21T14:28:44.766+02:00  INFO 18752 --- [application] [main] .b.t.c.SpringBootTestContextBootstrapper : Found @SpringBootConfiguration fr.paymybuddy.application.Application for test class fr.paymybuddy.application.integration.TransactionServiceTest
2025-04-21T14:28:44.792+02:00  INFO 18752 --- [application] [main] f.p.a.i.TransactionServiceTest           : Starting TransactionServiceTest using Java 21.0.6 with PID 18752 (started by stef_ in C:\Projet\PayMyBuddy)
2025-04-21T14:28:44.792+02:00 DEBUG 18752 --- [application] [main] f.p.a.i.TransactionServiceTest           : Running with Spring Boot v3.3.8, Spring v6.1.16
2025-04-21T14:28:44.792+02:00  INFO 18752 --- [application] [main] f.p.a.i.TransactionServiceTest           : No active profile set, falling back to 1 default profile: "default"
2025-04-21T14:28:45.030+02:00  INFO 18752 --- [application] [main] .s.d.r.c.RepositoryConfigurationDelegate : Bootstrapping Spring Data JPA repositories in DEFAULT mode.
2025-04-21T14:28:45.041+02:00  INFO 18752 --- [application] [main] .s.d.r.c.RepositoryConfigurationDelegate : Finished Spring Data repository scanning in 10 ms. Found 2 JPA repository interfaces.
2025-04-21T14:28:45.108+02:00  INFO 18752 --- [application] [main] com.zaxxer.hikari.HikariDataSource       : HikariPool-4 - Starting...
2025-04-21T14:28:45.121+02:00  INFO 18752 --- [application] [main] com.zaxxer.hikari.pool.HikariPool        : HikariPool-4 - Added connection com.mysql.cj.jdbc.ConnectionImpl@2ee02596
2025-04-21T14:28:45.121+02:00  INFO 18752 --- [application] [main] com.zaxxer.hikari.HikariDataSource       : HikariPool-4 - Start completed.
2025-04-21T14:28:45.122+02:00  INFO 18752 --- [application] [main] o.hibernate.jpa.internal.util.LogHelper  : HHH000204: Processing PersistenceUnitInfo [name: default]
2025-04-21T14:28:45.125+02:00  INFO 18752 --- [application] [main] o.h.c.internal.RegionFactoryInitiator    : HHH000026: Second-level cache disabled
2025-04-21T14:28:45.135+02:00  INFO 18752 --- [application] [main] o.s.o.j.p.SpringPersistenceUnitInfo      : No LoadTimeWeaver setup: ignoring JPA class transformer
2025-04-21T14:28:45.139+02:00  WARN 18752 --- [application] [main] org.hibernate.orm.deprecation            : HHH90000025: MySQLDialect does not need to be specified explicitly using 'hibernate.dialect' (remove the property setting and it will be selected by default)
2025-04-21T14:28:45.206+02:00  INFO 18752 --- [application] [main] o.h.e.t.j.p.i.JtaPlatformInitiator       : HHH000489: No JTA platform available (set 'hibernate.transaction.jta.platform' to enable JTA platform integration)
2025-04-21T14:28:45.207+02:00  INFO 18752 --- [application] [main] j.LocalContainerEntityManagerFactoryBean : Initialized JPA EntityManagerFactory for persistence unit 'default'
2025-04-21T14:28:45.266+02:00 DEBUG 18752 --- [application] [main] f.p.a.c.SecurityConfiguration            : Création du bean BCryptPasswordEncoder pour le hachage des mots de passe.
2025-04-21T14:28:45.308+02:00  WARN 18752 --- [application] [main] JpaBaseConfiguration$JpaWebConfiguration : spring.jpa.open-in-view is enabled by default. Therefore, database queries may be performed during view rendering. Explicitly configure spring.jpa.open-in-view to disable this warning
2025-04-21T14:28:45.321+02:00  INFO 18752 --- [application] [main] r$InitializeUserDetailsManagerConfigurer : Global AuthenticationManager configured with UserDetailsService bean with name customUserDetailsService
2025-04-21T14:28:45.489+02:00  INFO 18752 --- [application] [main] o.s.b.a.e.web.EndpointLinksResolver      : Exposing 1 endpoint beneath base path '/actuator'
2025-04-21T14:28:45.517+02:00  INFO 18752 --- [application] [main] f.p.a.c.SecurityConfiguration            : Chaîne de filtres de sécurité configurée avec succès.
2025-04-21T14:28:45.695+02:00  INFO 18752 --- [application] [main] f.p.a.i.TransactionServiceTest           : Started TransactionServiceTest in 0.926 seconds (process running for 12.624)
2025-04-21T14:28:45.810+02:00 DEBUG 18752 --- [application] [main] f.p.a.service.TransactionService         : Début de la création de la transaction pour l'expéditeur (senderId) : 4, destinataire (receiverId) : 5, montant : 30
2025-04-21T14:28:45.815+02:00  INFO 18752 --- [application] [main] f.p.a.service.TransactionService         : Transaction créée avec succès : senderId = 4, receiverId = 5, montant = 30
2025-04-21T14:28:45.830+02:00  INFO 18752 --- [application] [main] t.c.s.AnnotationConfigContextLoaderUtils : Could not detect default configuration classes for test class [fr.paymybuddy.application.service.UserServiceTest]: UserServiceTest does not declare any static, non-private, non-final, nested classes annotated with @Configuration.
2025-04-21T14:28:45.831+02:00  INFO 18752 --- [application] [main] .b.t.c.SpringBootTestContextBootstrapper : Found @SpringBootConfiguration fr.paymybuddy.application.Application for test class fr.paymybuddy.application.service.UserServiceTest
2025-04-21T14:28:45.847+02:00  INFO 18752 --- [application] [main] f.p.application.service.UserServiceTest  : Starting UserServiceTest using Java 21.0.6 with PID 18752 (started by stef_ in C:\Projet\PayMyBuddy)
2025-04-21T14:28:45.848+02:00 DEBUG 18752 --- [application] [main] f.p.application.service.UserServiceTest  : Running with Spring Boot v3.3.8, Spring v6.1.16
2025-04-21T14:28:45.848+02:00  INFO 18752 --- [application] [main] f.p.application.service.UserServiceTest  : No active profile set, falling back to 1 default profile: "default"
2025-04-21T14:28:46.021+02:00  INFO 18752 --- [application] [main] .s.d.r.c.RepositoryConfigurationDelegate : Bootstrapping Spring Data JPA repositories in DEFAULT mode.
2025-04-21T14:28:46.031+02:00  INFO 18752 --- [application] [main] .s.d.r.c.RepositoryConfigurationDelegate : Finished Spring Data repository scanning in 8 ms. Found 2 JPA repository interfaces.
2025-04-21T14:28:46.157+02:00  INFO 18752 --- [application] [main] com.zaxxer.hikari.HikariDataSource       : HikariPool-5 - Starting...
2025-04-21T14:28:46.168+02:00  INFO 18752 --- [application] [main] com.zaxxer.hikari.pool.HikariPool        : HikariPool-5 - Added connection com.mysql.cj.jdbc.ConnectionImpl@353112e1
2025-04-21T14:28:46.169+02:00  INFO 18752 --- [application] [main] com.zaxxer.hikari.HikariDataSource       : HikariPool-5 - Start completed.
2025-04-21T14:28:46.170+02:00  INFO 18752 --- [application] [main] o.hibernate.jpa.internal.util.LogHelper  : HHH000204: Processing PersistenceUnitInfo [name: default]
2025-04-21T14:28:46.172+02:00  INFO 18752 --- [application] [main] o.h.c.internal.RegionFactoryInitiator    : HHH000026: Second-level cache disabled
2025-04-21T14:28:46.179+02:00  INFO 18752 --- [application] [main] o.s.o.j.p.SpringPersistenceUnitInfo      : No LoadTimeWeaver setup: ignoring JPA class transformer
2025-04-21T14:28:46.181+02:00  WARN 18752 --- [application] [main] org.hibernate.orm.deprecation            : HHH90000025: MySQLDialect does not need to be specified explicitly using 'hibernate.dialect' (remove the property setting and it will be selected by default)
2025-04-21T14:28:46.227+02:00  INFO 18752 --- [application] [main] o.h.e.t.j.p.i.JtaPlatformInitiator       : HHH000489: No JTA platform available (set 'hibernate.transaction.jta.platform' to enable JTA platform integration)
2025-04-21T14:28:46.228+02:00  INFO 18752 --- [application] [main] j.LocalContainerEntityManagerFactoryBean : Initialized JPA EntityManagerFactory for persistence unit 'default'
2025-04-21T14:28:46.291+02:00  WARN 18752 --- [application] [main] JpaBaseConfiguration$JpaWebConfiguration : spring.jpa.open-in-view is enabled by default. Therefore, database queries may be performed during view rendering. Explicitly configure spring.jpa.open-in-view to disable this warning
2025-04-21T14:28:46.303+02:00  INFO 18752 --- [application] [main] r$InitializeUserDetailsManagerConfigurer : Global AuthenticationManager configured with UserDetailsService bean with name customUserDetailsService
2025-04-21T14:28:46.422+02:00  INFO 18752 --- [application] [main] o.s.b.a.e.web.EndpointLinksResolver      : Exposing 1 endpoint beneath base path '/actuator'
2025-04-21T14:28:46.430+02:00  INFO 18752 --- [application] [main] f.p.a.c.SecurityConfiguration            : Chaîne de filtres de sécurité configurée avec succès.
2025-04-21T14:28:46.600+02:00  INFO 18752 --- [application] [main] f.p.application.service.UserServiceTest  : Started UserServiceTest in 0.767 seconds (process running for 13.529)
2025-04-21T14:28:46.620+02:00  INFO 18752 --- [application] [main] f.p.application.service.UserService      : Tentative d'enregistrement d'un nouvel utilisateur
2025-04-21T14:28:46.621+02:00 DEBUG 18752 --- [application] [main] f.p.application.service.UserService      : Vérification si le nom d'utilisateur 'newUser' est déjà pris
2025-04-21T14:28:46.621+02:00  INFO 18752 --- [application] [main] f.p.application.service.UserService      : Utilisateur 'newUser' enregistré avec succès
2025-04-21T14:28:46.632+02:00  INFO 18752 --- [application] [main] f.p.application.service.UserService      : Mise à jour de l'utilisateur avec l'ID null
2025-04-21T14:28:46.632+02:00 DEBUG 18752 --- [application] [main] f.p.application.service.UserService      : Détails de l'utilisateur mis à jour : fr.paymybuddy.application.model.User@47531db1
2025-04-21T14:28:46.637+02:00  INFO 18752 --- [application] [main] f.p.application.service.UserService      : Récupération des contacts pour l'utilisateur avec l'ID 1
2025-04-21T14:28:46.649+02:00  INFO 18752 --- [application] [main] f.p.application.service.UserService      : Tentative d'enregistrement d'un nouvel utilisateur
2025-04-21T14:28:46.649+02:00 DEBUG 18752 --- [application] [main] f.p.application.service.UserService      : Vérification si le nom d'utilisateur 'newUser' est déjà pris
2025-04-21T14:28:46.649+02:00 ERROR 18752 --- [application] [main] f.p.application.service.UserService      : Échec de l'enregistrement : cet email 'newUser' est déjà utilisé
2025-04-21T14:28:46.660+02:00  INFO 18752 --- [application] [main] t.c.s.AnnotationConfigContextLoaderUtils : Could not detect default configuration classes for test class [fr.paymybuddy.application.controller.HomeControllerTest]: HomeControllerTest does not declare any static, non-private, non-final, nested classes annotated with @Configuration.
2025-04-21T14:28:46.676+02:00  INFO 18752 --- [application] [main] .b.t.c.SpringBootTestContextBootstrapper : Found @SpringBootConfiguration fr.paymybuddy.application.Application for test class fr.paymybuddy.application.controller.HomeControllerTest
2025-04-21T14:28:46.694+02:00  INFO 18752 --- [application] [main] f.p.a.controller.HomeControllerTest      : Starting HomeControllerTest using Java 21.0.6 with PID 18752 (started by stef_ in C:\Projet\PayMyBuddy)
2025-04-21T14:28:46.694+02:00 DEBUG 18752 --- [application] [main] f.p.a.controller.HomeControllerTest      : Running with Spring Boot v3.3.8, Spring v6.1.16
2025-04-21T14:28:46.694+02:00  INFO 18752 --- [application] [main] f.p.a.controller.HomeControllerTest      : No active profile set, falling back to 1 default profile: "default"
2025-04-21T14:28:46.837+02:00  WARN 18752 --- [application] [main] .s.s.UserDetailsServiceAutoConfiguration : 

Using generated security password: abc89f9d-4220-452f-a6b6-612235e3c9d1

This generated password is for development use only. Your security configuration must be updated before running your application in production.

2025-04-21T14:28:46.841+02:00  INFO 18752 --- [application] [main] r$InitializeUserDetailsManagerConfigurer : Global AuthenticationManager configured with UserDetailsService bean with name inMemoryUserDetailsManager
2025-04-21T14:28:46.874+02:00  INFO 18752 --- [application] [main] o.s.b.t.m.w.SpringBootMockServletContext : Initializing Spring TestDispatcherServlet ''
2025-04-21T14:28:46.874+02:00  INFO 18752 --- [application] [main] o.s.t.web.servlet.TestDispatcherServlet  : Initializing Servlet ''
2025-04-21T14:28:46.875+02:00  INFO 18752 --- [application] [main] o.s.t.web.servlet.TestDispatcherServlet  : Completed initialization in 1 ms
2025-04-21T14:28:46.879+02:00  INFO 18752 --- [application] [main] f.p.a.controller.HomeControllerTest      : Started HomeControllerTest in 0.2 seconds (process running for 13.808)
2025-04-21T14:28:46.890+02:00  INFO 18752 --- [application] [main] o.s.mock.web.MockServletContext          : Initializing Spring TestDispatcherServlet ''
2025-04-21T14:28:46.890+02:00  INFO 18752 --- [application] [main] o.s.t.web.servlet.TestDispatcherServlet  : Initializing Servlet ''
2025-04-21T14:28:46.890+02:00  INFO 18752 --- [application] [main] o.s.t.web.servlet.TestDispatcherServlet  : Completed initialization in 0 ms
2025-04-21T14:28:46.891+02:00 DEBUG 18752 --- [application] [main] f.p.a.controller.HomeController          : Traitement de la requête GET pour la route /login.
2025-04-21T14:28:46.891+02:00  INFO 18752 --- [application] [main] f.p.a.controller.HomeController          : Accès réussi à la page de connexion.
2025-04-21T14:28:46.898+02:00  INFO 18752 --- [application] [main] o.s.mock.web.MockServletContext          : Initializing Spring TestDispatcherServlet ''
2025-04-21T14:28:46.899+02:00  INFO 18752 --- [application] [main] o.s.t.web.servlet.TestDispatcherServlet  : Initializing Servlet ''
2025-04-21T14:28:46.899+02:00  INFO 18752 --- [application] [main] o.s.t.web.servlet.TestDispatcherServlet  : Completed initialization in 0 ms
2025-04-21T14:28:46.900+02:00 DEBUG 18752 --- [application] [main] f.p.a.controller.HomeController          : Traitement de la requête GET pour la route /portail.
2025-04-21T14:28:46.900+02:00  INFO 18752 --- [application] [main] f.p.a.controller.HomeController          : Accès réussi à la page du portail.
2025-04-21T14:28:46.903+02:00  INFO 18752 --- [application] [main] t.c.s.AnnotationConfigContextLoaderUtils : Could not detect default configuration classes for test class [fr.paymybuddy.application.controller.TransfererControllerTest]: TransfererControllerTest does not declare any static, non-private, non-final, nested classes annotated with @Configuration.
2025-04-21T14:28:46.904+02:00  INFO 18752 --- [application] [main] .b.t.c.SpringBootTestContextBootstrapper : Found @SpringBootConfiguration fr.paymybuddy.application.Application for test class fr.paymybuddy.application.controller.TransfererControllerTest
2025-04-21T14:28:46.922+02:00  INFO 18752 --- [application] [main] f.p.a.c.TransfererControllerTest         : Starting TransfererControllerTest using Java 21.0.6 with PID 18752 (started by stef_ in C:\Projet\PayMyBuddy)
2025-04-21T14:28:46.922+02:00 DEBUG 18752 --- [application] [main] f.p.a.c.TransfererControllerTest         : Running with Spring Boot v3.3.8, Spring v6.1.16
2025-04-21T14:28:46.922+02:00  INFO 18752 --- [application] [main] f.p.a.c.TransfererControllerTest         : No active profile set, falling back to 1 default profile: "default"
2025-04-21T14:28:47.162+02:00  INFO 18752 --- [application] [main] .s.d.r.c.RepositoryConfigurationDelegate : Bootstrapping Spring Data JPA repositories in DEFAULT mode.
2025-04-21T14:28:47.175+02:00  INFO 18752 --- [application] [main] .s.d.r.c.RepositoryConfigurationDelegate : Finished Spring Data repository scanning in 12 ms. Found 2 JPA repository interfaces.
2025-04-21T14:28:47.317+02:00  INFO 18752 --- [application] [main] com.zaxxer.hikari.HikariDataSource       : HikariPool-6 - Starting...
2025-04-21T14:28:47.330+02:00  INFO 18752 --- [application] [main] com.zaxxer.hikari.pool.HikariPool        : HikariPool-6 - Added connection com.mysql.cj.jdbc.ConnectionImpl@17831f9
2025-04-21T14:28:47.330+02:00  INFO 18752 --- [application] [main] com.zaxxer.hikari.HikariDataSource       : HikariPool-6 - Start completed.
2025-04-21T14:28:47.331+02:00  INFO 18752 --- [application] [main] o.hibernate.jpa.internal.util.LogHelper  : HHH000204: Processing PersistenceUnitInfo [name: default]
2025-04-21T14:28:47.334+02:00  INFO 18752 --- [application] [main] o.h.c.internal.RegionFactoryInitiator    : HHH000026: Second-level cache disabled
2025-04-21T14:28:47.343+02:00  INFO 18752 --- [application] [main] o.s.o.j.p.SpringPersistenceUnitInfo      : No LoadTimeWeaver setup: ignoring JPA class transformer
2025-04-21T14:28:47.345+02:00  WARN 18752 --- [application] [main] org.hibernate.orm.deprecation            : HHH90000025: MySQLDialect does not need to be specified explicitly using 'hibernate.dialect' (remove the property setting and it will be selected by default)
2025-04-21T14:28:47.401+02:00  INFO 18752 --- [application] [main] o.h.e.t.j.p.i.JtaPlatformInitiator       : HHH000489: No JTA platform available (set 'hibernate.transaction.jta.platform' to enable JTA platform integration)
2025-04-21T14:28:47.401+02:00  INFO 18752 --- [application] [main] j.LocalContainerEntityManagerFactoryBean : Initialized JPA EntityManagerFactory for persistence unit 'default'
2025-04-21T14:28:47.467+02:00  WARN 18752 --- [application] [main] JpaBaseConfiguration$JpaWebConfiguration : spring.jpa.open-in-view is enabled by default. Therefore, database queries may be performed during view rendering. Explicitly configure spring.jpa.open-in-view to disable this warning
2025-04-21T14:28:47.479+02:00 DEBUG 18752 --- [application] [main] f.p.a.c.SecurityConfiguration            : Création du bean BCryptPasswordEncoder pour le hachage des mots de passe.
2025-04-21T14:28:47.480+02:00  INFO 18752 --- [application] [main] r$InitializeUserDetailsManagerConfigurer : Global AuthenticationManager configured with UserDetailsService bean with name customUserDetailsService
2025-04-21T14:28:47.619+02:00  INFO 18752 --- [application] [main] o.s.b.a.e.web.EndpointLinksResolver      : Exposing 1 endpoint beneath base path '/actuator'
2025-04-21T14:28:47.632+02:00  INFO 18752 --- [application] [main] f.p.a.c.SecurityConfiguration            : Chaîne de filtres de sécurité configurée avec succès.
2025-04-21T14:28:47.783+02:00  INFO 18752 --- [application] [main] f.p.a.c.TransfererControllerTest         : Started TransfererControllerTest in 0.877 seconds (process running for 14.712)
2025-04-21T14:28:47.790+02:00 DEBUG 18752 --- [application] [main] f.p.a.controller.TransfererController    : Récupération des transactions pour la vue Thymeleaf de l'utilisateur : testUser
2025-04-21T14:28:47.790+02:00 ERROR 18752 --- [application] [main] f.p.a.controller.TransfererController    : Impossible de récupérer les transactions pour le user : testUser

java.lang.NullPointerException: Cannot invoke "fr.paymybuddy.application.model.User.getUsername()" because "user" is null
	at fr.paymybuddy.application.controller.TransfererController.viewTransactionsBySender(TransfererController.java:67) ~[classes/:na]
	at fr.paymybuddy.application.controller.TransfererControllerTest.testViewTransactionsBySender_Exception(TransfererControllerTest.java:97) ~[test-classes/:na]
	at java.base/jdk.internal.reflect.DirectMethodHandleAccessor.invoke(DirectMethodHandleAccessor.java:103) ~[na:na]
	at java.base/java.lang.reflect.Method.invoke(Method.java:580) ~[na:na]
	at org.junit.platform.commons.util.ReflectionUtils.invokeMethod(ReflectionUtils.java:728) ~[junit-platform-commons-1.10.5.jar:1.10.5]
	at org.junit.jupiter.engine.execution.MethodInvocation.proceed(MethodInvocation.java:60) ~[junit-jupiter-engine-5.10.5.jar:5.10.5]
	at org.junit.jupiter.engine.execution.InvocationInterceptorChain$ValidatingInvocation.proceed(InvocationInterceptorChain.java:131) ~[junit-jupiter-engine-5.10.5.jar:5.10.5]
	at org.junit.jupiter.engine.extension.TimeoutExtension.intercept(TimeoutExtension.java:156) ~[junit-jupiter-engine-5.10.5.jar:5.10.5]
	at org.junit.jupiter.engine.extension.TimeoutExtension.interceptTestableMethod(TimeoutExtension.java:147) ~[junit-jupiter-engine-5.10.5.jar:5.10.5]
	at org.junit.jupiter.engine.extension.TimeoutExtension.interceptTestMethod(TimeoutExtension.java:86) ~[junit-jupiter-engine-5.10.5.jar:5.10.5]
	at org.junit.jupiter.engine.execution.InterceptingExecutableInvoker$ReflectiveInterceptorCall.lambda$ofVoidMethod$0(InterceptingExecutableInvoker.java:103) ~[junit-jupiter-engine-5.10.5.jar:5.10.5]
	at org.junit.jupiter.engine.execution.InterceptingExecutableInvoker.lambda$invoke$0(InterceptingExecutableInvoker.java:93) ~[junit-jupiter-engine-5.10.5.jar:5.10.5]
	at org.junit.jupiter.engine.execution.InvocationInterceptorChain$InterceptedInvocation.proceed(InvocationInterceptorChain.java:106) ~[junit-jupiter-engine-5.10.5.jar:5.10.5]
	at org.junit.jupiter.engine.execution.InvocationInterceptorChain.proceed(InvocationInterceptorChain.java:64) ~[junit-jupiter-engine-5.10.5.jar:5.10.5]
	at org.junit.jupiter.engine.execution.InvocationInterceptorChain.chainAndInvoke(InvocationInterceptorChain.java:45) ~[junit-jupiter-engine-5.10.5.jar:5.10.5]
	at org.junit.jupiter.engine.execution.InvocationInterceptorChain.invoke(InvocationInterceptorChain.java:37) ~[junit-jupiter-engine-5.10.5.jar:5.10.5]
	at org.junit.jupiter.engine.execution.InterceptingExecutableInvoker.invoke(InterceptingExecutableInvoker.java:92) ~[junit-jupiter-engine-5.10.5.jar:5.10.5]
	at org.junit.jupiter.engine.execution.InterceptingExecutableInvoker.invoke(InterceptingExecutableInvoker.java:86) ~[junit-jupiter-engine-5.10.5.jar:5.10.5]
	at org.junit.jupiter.engine.descriptor.TestMethodTestDescriptor.lambda$invokeTestMethod$7(TestMethodTestDescriptor.java:218) ~[junit-jupiter-engine-5.10.5.jar:5.10.5]
	at org.junit.platform.engine.support.hierarchical.ThrowableCollector.execute(ThrowableCollector.java:73) ~[junit-platform-engine-1.10.5.jar:1.10.5]
	at org.junit.jupiter.engine.descriptor.TestMethodTestDescriptor.invokeTestMethod(TestMethodTestDescriptor.java:214) ~[junit-jupiter-engine-5.10.5.jar:5.10.5]
	at org.junit.jupiter.engine.descriptor.TestMethodTestDescriptor.execute(TestMethodTestDescriptor.java:139) ~[junit-jupiter-engine-5.10.5.jar:5.10.5]
	at org.junit.jupiter.engine.descriptor.TestMethodTestDescriptor.execute(TestMethodTestDescriptor.java:69) ~[junit-jupiter-engine-5.10.5.jar:5.10.5]
	at org.junit.platform.engine.support.hierarchical.NodeTestTask.lambda$executeRecursively$6(NodeTestTask.java:156) ~[junit-platform-engine-1.10.5.jar:1.10.5]
	at org.junit.platform.engine.support.hierarchical.ThrowableCollector.execute(ThrowableCollector.java:73) ~[junit-platform-engine-1.10.5.jar:1.10.5]
	at org.junit.platform.engine.support.hierarchical.NodeTestTask.lambda$executeRecursively$8(NodeTestTask.java:146) ~[junit-platform-engine-1.10.5.jar:1.10.5]
	at org.junit.platform.engine.support.hierarchical.Node.around(Node.java:137) ~[junit-platform-engine-1.10.5.jar:1.10.5]
	at org.junit.platform.engine.support.hierarchical.NodeTestTask.lambda$executeRecursively$9(NodeTestTask.java:144) ~[junit-platform-engine-1.10.5.jar:1.10.5]
	at org.junit.platform.engine.support.hierarchical.ThrowableCollector.execute(ThrowableCollector.java:73) ~[junit-platform-engine-1.10.5.jar:1.10.5]
	at org.junit.platform.engine.support.hierarchical.NodeTestTask.executeRecursively(NodeTestTask.java:143) ~[junit-platform-engine-1.10.5.jar:1.10.5]
	at org.junit.platform.engine.support.hierarchical.NodeTestTask.execute(NodeTestTask.java:100) ~[junit-platform-engine-1.10.5.jar:1.10.5]
	at java.base/java.util.ArrayList.forEach(ArrayList.java:1596) ~[na:na]
	at org.junit.platform.engine.support.hierarchical.SameThreadHierarchicalTestExecutorService.invokeAll(SameThreadHierarchicalTestExecutorService.java:41) ~[junit-platform-engine-1.10.5.jar:1.10.5]
	at org.junit.platform.engine.support.hierarchical.NodeTestTask.lambda$executeRecursively$6(NodeTestTask.java:160) ~[junit-platform-engine-1.10.5.jar:1.10.5]
	at org.junit.platform.engine.support.hierarchical.ThrowableCollector.execute(ThrowableCollector.java:73) ~[junit-platform-engine-1.10.5.jar:1.10.5]
	at org.junit.platform.engine.support.hierarchical.NodeTestTask.lambda$executeRecursively$8(NodeTestTask.java:146) ~[junit-platform-engine-1.10.5.jar:1.10.5]
	at org.junit.platform.engine.support.hierarchical.Node.around(Node.java:137) ~[junit-platform-engine-1.10.5.jar:1.10.5]
	at org.junit.platform.engine.support.hierarchical.NodeTestTask.lambda$executeRecursively$9(NodeTestTask.java:144) ~[junit-platform-engine-1.10.5.jar:1.10.5]
	at org.junit.platform.engine.support.hierarchical.ThrowableCollector.execute(ThrowableCollector.java:73) ~[junit-platform-engine-1.10.5.jar:1.10.5]
	at org.junit.platform.engine.support.hierarchical.NodeTestTask.executeRecursively(NodeTestTask.java:143) ~[junit-platform-engine-1.10.5.jar:1.10.5]
	at org.junit.platform.engine.support.hierarchical.NodeTestTask.execute(NodeTestTask.java:100) ~[junit-platform-engine-1.10.5.jar:1.10.5]
	at java.base/java.util.ArrayList.forEach(ArrayList.java:1596) ~[na:na]
	at org.junit.platform.engine.support.hierarchical.SameThreadHierarchicalTestExecutorService.invokeAll(SameThreadHierarchicalTestExecutorService.java:41) ~[junit-platform-engine-1.10.5.jar:1.10.5]
	at org.junit.platform.engine.support.hierarchical.NodeTestTask.lambda$executeRecursively$6(NodeTestTask.java:160) ~[junit-platform-engine-1.10.5.jar:1.10.5]
	at org.junit.platform.engine.support.hierarchical.ThrowableCollector.execute(ThrowableCollector.java:73) ~[junit-platform-engine-1.10.5.jar:1.10.5]
	at org.junit.platform.engine.support.hierarchical.NodeTestTask.lambda$executeRecursively$8(NodeTestTask.java:146) ~[junit-platform-engine-1.10.5.jar:1.10.5]
	at org.junit.platform.engine.support.hierarchical.Node.around(Node.java:137) ~[junit-platform-engine-1.10.5.jar:1.10.5]
	at org.junit.platform.engine.support.hierarchical.NodeTestTask.lambda$executeRecursively$9(NodeTestTask.java:144) ~[junit-platform-engine-1.10.5.jar:1.10.5]
	at org.junit.platform.engine.support.hierarchical.ThrowableCollector.execute(ThrowableCollector.java:73) ~[junit-platform-engine-1.10.5.jar:1.10.5]
	at org.junit.platform.engine.support.hierarchical.NodeTestTask.executeRecursively(NodeTestTask.java:143) ~[junit-platform-engine-1.10.5.jar:1.10.5]
	at org.junit.platform.engine.support.hierarchical.NodeTestTask.execute(NodeTestTask.java:100) ~[junit-platform-engine-1.10.5.jar:1.10.5]
	at org.junit.platform.engine.support.hierarchical.SameThreadHierarchicalTestExecutorService.submit(SameThreadHierarchicalTestExecutorService.java:35) ~[junit-platform-engine-1.10.5.jar:1.10.5]
	at org.junit.platform.engine.support.hierarchical.HierarchicalTestExecutor.execute(HierarchicalTestExecutor.java:57) ~[junit-platform-engine-1.10.5.jar:1.10.5]
	at org.junit.platform.engine.support.hierarchical.HierarchicalTestEngine.execute(HierarchicalTestEngine.java:54) ~[junit-platform-engine-1.10.5.jar:1.10.5]
	at org.junit.platform.launcher.core.EngineExecutionOrchestrator.execute(EngineExecutionOrchestrator.java:198) ~[junit-platform-launcher-1.10.5.jar:1.10.5]
	at org.junit.platform.launcher.core.EngineExecutionOrchestrator.execute(EngineExecutionOrchestrator.java:169) ~[junit-platform-launcher-1.10.5.jar:1.10.5]
	at org.junit.platform.launcher.core.EngineExecutionOrchestrator.execute(EngineExecutionOrchestrator.java:93) ~[junit-platform-launcher-1.10.5.jar:1.10.5]
	at org.junit.platform.launcher.core.EngineExecutionOrchestrator.lambda$execute$0(EngineExecutionOrchestrator.java:58) ~[junit-platform-launcher-1.10.5.jar:1.10.5]
	at org.junit.platform.launcher.core.EngineExecutionOrchestrator.withInterceptedStreams(EngineExecutionOrchestrator.java:141) ~[junit-platform-launcher-1.10.5.jar:1.10.5]
	at org.junit.platform.launcher.core.EngineExecutionOrchestrator.execute(EngineExecutionOrchestrator.java:57) ~[junit-platform-launcher-1.10.5.jar:1.10.5]
	at org.junit.platform.launcher.core.DefaultLauncher.execute(DefaultLauncher.java:103) ~[junit-platform-launcher-1.10.5.jar:1.10.5]
	at org.junit.platform.launcher.core.DefaultLauncher.execute(DefaultLauncher.java:85) ~[junit-platform-launcher-1.10.5.jar:1.10.5]
	at org.junit.platform.launcher.core.DelegatingLauncher.execute(DelegatingLauncher.java:47) ~[junit-platform-launcher-1.10.5.jar:1.10.5]
	at org.junit.platform.launcher.core.SessionPerRequestLauncher.execute(SessionPerRequestLauncher.java:63) ~[junit-platform-launcher-1.10.5.jar:1.10.5]
	at com.intellij.junit5.JUnit5IdeaTestRunner.startRunnerWithArgs(JUnit5IdeaTestRunner.java:57) ~[junit5-rt.jar:na]
	at com.intellij.rt.junit.IdeaTestRunner$Repeater$1.execute(IdeaTestRunner.java:38) ~[junit-rt.jar:na]
	at com.intellij.rt.execution.junit.TestsRepeater.repeat(TestsRepeater.java:11) ~[idea_rt.jar:na]
	at com.intellij.rt.junit.IdeaTestRunner$Repeater.startRunnerWithArgs(IdeaTestRunner.java:35) ~[junit-rt.jar:na]
	at com.intellij.rt.junit.JUnitStarter.prepareStreamsAndStart(JUnitStarter.java:231) ~[junit-rt.jar:na]
	at com.intellij.rt.junit.JUnitStarter.main(JUnitStarter.java:55) ~[junit-rt.jar:na]

2025-04-21T14:28:47.797+02:00 DEBUG 18752 --- [application] [main] f.p.a.controller.TransfererController    : Récupération des transactions pour la vue Thymeleaf de l'utilisateur : testUser
2025-04-21T14:28:47.804+02:00 DEBUG 18752 --- [application] [main] f.p.a.controller.TransfererController    : Début du traitement de la transaction pour l'utilisateur : testUser
2025-04-21T14:28:47.805+02:00  INFO 18752 --- [application] [main] f.p.a.controller.TransfererController    : Transaction créée avec succès pour l'utilisateur : testUser
2025-04-21T14:28:47.805+02:00 DEBUG 18752 --- [application] [main] f.p.a.controller.TransfererController    : Récupération des transactions pour la vue Thymeleaf de l'utilisateur : testUser
2025-04-21T14:28:47.819+02:00  INFO 18752 --- [application] [SpringApplicationShutdownHook] j.LocalContainerEntityManagerFactoryBean : Closing JPA EntityManagerFactory for persistence unit 'default'
2025-04-21T14:28:47.820+02:00  INFO 18752 --- [application] [SpringApplicationShutdownHook] com.zaxxer.hikari.HikariDataSource       : HikariPool-1 - Shutdown initiated...
2025-04-21T14:28:47.828+02:00  INFO 18752 --- [application] [SpringApplicationShutdownHook] com.zaxxer.hikari.HikariDataSource       : HikariPool-1 - Shutdown completed.
2025-04-21T14:28:47.831+02:00  INFO 18752 --- [application] [SpringApplicationShutdownHook] j.LocalContainerEntityManagerFactoryBean : Closing JPA EntityManagerFactory for persistence unit 'default'
2025-04-21T14:28:47.831+02:00  INFO 18752 --- [application] [SpringApplicationShutdownHook] com.zaxxer.hikari.HikariDataSource       : HikariPool-2 - Shutdown initiated...
2025-04-21T14:28:47.838+02:00  INFO 18752 --- [application] [SpringApplicationShutdownHook] com.zaxxer.hikari.HikariDataSource       : HikariPool-2 - Shutdown completed.
2025-04-21T14:28:47.841+02:00  INFO 18752 --- [application] [SpringApplicationShutdownHook] j.LocalContainerEntityManagerFactoryBean : Closing JPA EntityManagerFactory for persistence unit 'default'
2025-04-21T14:28:47.841+02:00  INFO 18752 --- [application] [SpringApplicationShutdownHook] com.zaxxer.hikari.HikariDataSource       : HikariPool-3 - Shutdown initiated...
2025-04-21T14:28:47.846+02:00  INFO 18752 --- [application] [SpringApplicationShutdownHook] com.zaxxer.hikari.HikariDataSource       : HikariPool-3 - Shutdown completed.
2025-04-21T14:28:47.848+02:00  INFO 18752 --- [application] [SpringApplicationShutdownHook] j.LocalContainerEntityManagerFactoryBean : Closing JPA EntityManagerFactory for persistence unit 'default'
2025-04-21T14:28:47.848+02:00  INFO 18752 --- [application] [SpringApplicationShutdownHook] com.zaxxer.hikari.HikariDataSource       : HikariPool-4 - Shutdown initiated...
2025-04-21T14:28:47.856+02:00  INFO 18752 --- [application] [SpringApplicationShutdownHook] com.zaxxer.hikari.HikariDataSource       : HikariPool-4 - Shutdown completed.
2025-04-21T14:28:47.858+02:00  INFO 18752 --- [application] [SpringApplicationShutdownHook] j.LocalContainerEntityManagerFactoryBean : Closing JPA EntityManagerFactory for persistence unit 'default'
2025-04-21T14:28:47.858+02:00  INFO 18752 --- [application] [SpringApplicationShutdownHook] com.zaxxer.hikari.HikariDataSource       : HikariPool-5 - Shutdown initiated...
2025-04-21T14:28:47.863+02:00  INFO 18752 --- [application] [SpringApplicationShutdownHook] com.zaxxer.hikari.HikariDataSource       : HikariPool-5 - Shutdown completed.
2025-04-21T14:28:47.866+02:00  INFO 18752 --- [application] [SpringApplicationShutdownHook] j.LocalContainerEntityManagerFactoryBean : Closing JPA EntityManagerFactory for persistence unit 'default'
2025-04-21T14:28:47.867+02:00  INFO 18752 --- [application] [SpringApplicationShutdownHook] com.zaxxer.hikari.HikariDataSource       : HikariPool-6 - Shutdown initiated...
2025-04-21T14:28:47.873+02:00  INFO 18752 --- [application] [SpringApplicationShutdownHook] com.zaxxer.hikari.HikariDataSource       : HikariPool-6 - Shutdown completed.
2025-04-21T14:31:47.353+02:00  INFO 57580 --- [application] [SpringApplicationShutdownHook] j.LocalContainerEntityManagerFactoryBean : Closing JPA EntityManagerFactory for persistence unit 'default'
2025-04-21T14:31:47.357+02:00  INFO 57580 --- [application] [SpringApplicationShutdownHook] com.zaxxer.hikari.HikariDataSource       : HikariPool-1 - Shutdown initiated...
2025-04-21T14:31:47.362+02:00  INFO 57580 --- [application] [SpringApplicationShutdownHook] com.zaxxer.hikari.HikariDataSource       : HikariPool-1 - Shutdown completed.
2025-04-21T14:31:57.563+02:00  INFO 59496 --- [application] [main] fr.paymybuddy.application.Application    : Starting Application using Java 21.0.6 with PID 59496 (C:\Projet\PayMyBuddy\target\classes started by stef_ in C:\Projet\PayMyBuddy)
2025-04-21T14:31:57.565+02:00 DEBUG 59496 --- [application] [main] fr.paymybuddy.application.Application    : Running with Spring Boot v3.3.8, Spring v6.1.16
2025-04-21T14:31:57.565+02:00  INFO 59496 --- [application] [main] fr.paymybuddy.application.Application    : No active profile set, falling back to 1 default profile: "default"
2025-04-21T14:31:58.225+02:00  INFO 59496 --- [application] [main] .s.d.r.c.RepositoryConfigurationDelegate : Bootstrapping Spring Data JPA repositories in DEFAULT mode.
2025-04-21T14:31:58.266+02:00  INFO 59496 --- [application] [main] .s.d.r.c.RepositoryConfigurationDelegate : Finished Spring Data repository scanning in 34 ms. Found 2 JPA repository interfaces.
2025-04-21T14:31:58.807+02:00  INFO 59496 --- [application] [main] o.s.b.w.embedded.tomcat.TomcatWebServer  : Tomcat initialized with port 8080 (http)
2025-04-21T14:31:58.823+02:00  INFO 59496 --- [application] [main] o.apache.catalina.core.StandardService   : Starting service [Tomcat]
2025-04-21T14:31:58.823+02:00  INFO 59496 --- [application] [main] o.apache.catalina.core.StandardEngine    : Starting Servlet engine: [Apache Tomcat/10.1.34]
2025-04-21T14:31:58.874+02:00  INFO 59496 --- [application] [main] o.a.c.c.C.[Tomcat].[localhost].[/]       : Initializing Spring embedded WebApplicationContext
2025-04-21T14:31:58.874+02:00  INFO 59496 --- [application] [main] w.s.c.ServletWebServerApplicationContext : Root WebApplicationContext: initialization completed in 1272 ms
2025-04-21T14:31:59.085+02:00  INFO 59496 --- [application] [main] com.zaxxer.hikari.HikariDataSource       : HikariPool-1 - Starting...
2025-04-21T14:31:59.298+02:00  INFO 59496 --- [application] [main] com.zaxxer.hikari.pool.HikariPool        : HikariPool-1 - Added connection com.mysql.cj.jdbc.ConnectionImpl@5c573229
2025-04-21T14:31:59.299+02:00  INFO 59496 --- [application] [main] com.zaxxer.hikari.HikariDataSource       : HikariPool-1 - Start completed.
2025-04-21T14:31:59.326+02:00  INFO 59496 --- [application] [main] o.hibernate.jpa.internal.util.LogHelper  : HHH000204: Processing PersistenceUnitInfo [name: default]
2025-04-21T14:31:59.361+02:00  INFO 59496 --- [application] [main] org.hibernate.Version                    : HHH000412: Hibernate ORM core version 6.5.3.Final
2025-04-21T14:31:59.382+02:00  INFO 59496 --- [application] [main] o.h.c.internal.RegionFactoryInitiator    : HHH000026: Second-level cache disabled
2025-04-21T14:31:59.585+02:00  INFO 59496 --- [application] [main] o.s.o.j.p.SpringPersistenceUnitInfo      : No LoadTimeWeaver setup: ignoring JPA class transformer
2025-04-21T14:31:59.639+02:00  WARN 59496 --- [application] [main] org.hibernate.orm.deprecation            : HHH90000025: MySQLDialect does not need to be specified explicitly using 'hibernate.dialect' (remove the property setting and it will be selected by default)
2025-04-21T14:32:00.287+02:00  INFO 59496 --- [application] [main] o.h.e.t.j.p.i.JtaPlatformInitiator       : HHH000489: No JTA platform available (set 'hibernate.transaction.jta.platform' to enable JTA platform integration)
2025-04-21T14:32:00.289+02:00  INFO 59496 --- [application] [main] j.LocalContainerEntityManagerFactoryBean : Initialized JPA EntityManagerFactory for persistence unit 'default'
2025-04-21T14:32:00.527+02:00 DEBUG 59496 --- [application] [main] f.p.a.c.SecurityConfiguration            : Création du bean BCryptPasswordEncoder pour le hachage des mots de passe.
2025-04-21T14:32:00.607+02:00  WARN 59496 --- [application] [main] JpaBaseConfiguration$JpaWebConfiguration : spring.jpa.open-in-view is enabled by default. Therefore, database queries may be performed during view rendering. Explicitly configure spring.jpa.open-in-view to disable this warning
2025-04-21T14:32:00.629+02:00  INFO 59496 --- [application] [main] r$InitializeUserDetailsManagerConfigurer : Global AuthenticationManager configured with UserDetailsService bean with name customUserDetailsService
2025-04-21T14:32:00.923+02:00  INFO 59496 --- [application] [main] o.s.b.a.e.web.EndpointLinksResolver      : Exposing 1 endpoint beneath base path '/actuator'
2025-04-21T14:32:00.957+02:00  INFO 59496 --- [application] [main] f.p.a.c.SecurityConfiguration            : Chaîne de filtres de sécurité configurée avec succès.
2025-04-21T14:32:01.392+02:00  INFO 59496 --- [application] [main] o.s.b.w.embedded.tomcat.TomcatWebServer  : Tomcat started on port 8080 (http) with context path '/'
2025-04-21T14:32:01.402+02:00  INFO 59496 --- [application] [main] fr.paymybuddy.application.Application    : Started Application in 4.205 seconds (process running for 4.74)
2025-04-21T14:32:01.954+02:00  INFO 59496 --- [application] [RMI TCP Connection(2)-192.168.1.132] o.a.c.c.C.[Tomcat].[localhost].[/]       : Initializing Spring DispatcherServlet 'dispatcherServlet'
2025-04-21T14:32:01.954+02:00  INFO 59496 --- [application] [RMI TCP Connection(2)-192.168.1.132] o.s.web.servlet.DispatcherServlet        : Initializing Servlet 'dispatcherServlet'
2025-04-21T14:32:01.956+02:00  INFO 59496 --- [application] [RMI TCP Connection(2)-192.168.1.132] o.s.web.servlet.DispatcherServlet        : Completed initialization in 2 ms
